<?xml version="1.0" encoding="UTF-8"?>
<!-- Generated by org.testng.reporters.JUnitReportReporter -->
<testsuite hostname="Amits-MacBook-Pro.local" failures="0" tests="1" name="com.git.tests.Hometest" time="0.012" errors="0" timestamp="2023-03-04T13:29:10 IST" skipped="0">
  <testcase classname="com.git.tests.Hometest" name="testhome" time="0.012"/>
  <system-out/>
</testsuite> <!-- com.git.tests.Hometest -->
